This file contains any messages produced by compilers while
running configure, to aid debugging if configure makes a mistake.

It was created by configure, which was
generated by GNU Autoconf 2.69.  Invocation command line was

  $ ./configure 

## --------- ##
## Platform. ##
## --------- ##

hostname = kotiboksi
uname -m = x86_64
uname -r = 5.10.19-100.fc32.x86_64
uname -s = Linux
uname -v = #1 SMP Fri Feb 26 16:21:57 UTC 2021

/usr/bin/uname -p = x86_64
/bin/uname -X     = unknown

/bin/arch              = x86_64
/usr/bin/arch -k       = unknown
/usr/convex/getsysinfo = unknown
/usr/bin/hostinfo      = unknown
/bin/machine           = unknown
/usr/bin/oslevel       = unknown
/bin/universe          = unknown

PATH: /home/masoud/.local/bin
PATH: /home/masoud/bin
PATH: /usr/local/bin
PATH: /usr/local/sbin
PATH: /usr/bin
PATH: /usr/sbin
PATH: /opt/netbeans/bin/
PATH: /opt/netbeans/bin/


## ----------- ##
## Core tests. ##
## ----------- ##

configure:1725: checking for clang
configure:1741: found /usr/bin/clang
configure:1752: result: clang
configure:2068: checking for C compiler version
configure:2077: clang --version >&5
clang version 10.0.1 (Fedora 10.0.1-3.fc32)
Target: x86_64-unknown-linux-gnu
Thread model: posix
InstalledDir: /usr/bin
configure:2088: $? = 0
configure:2077: clang -v >&5
clang version 10.0.1 (Fedora 10.0.1-3.fc32)
Target: x86_64-unknown-linux-gnu
Thread model: posix
InstalledDir: /usr/bin
Found candidate GCC installation: /usr/bin/../lib/gcc/x86_64-redhat-linux/10
Found candidate GCC installation: /usr/lib/gcc/x86_64-redhat-linux/10
Selected GCC installation: /usr/bin/../lib/gcc/x86_64-redhat-linux/10
Candidate multilib: .;@m64
Candidate multilib: 32;@m32
Selected multilib: .;@m64
... rest of stderr output deleted ...
configure:2088: $? = 0
configure:2077: clang -V >&5
clang-10: error: argument to '-V' is missing (expected 1 value)
clang-10: error: no input files
configure:2088: $? = 1
configure:2077: clang -qversion >&5
clang-10: error: unknown argument '-qversion'; did you mean '--version'?
clang-10: error: no input files
configure:2088: $? = 1
configure:2108: checking whether the C compiler works
configure:2130: clang    conftest.c  >&5
configure:2134: $? = 0
configure:2182: result: yes
configure:2185: checking for C compiler default output file name
configure:2187: result: a.out
configure:2193: checking for suffix of executables
configure:2200: clang -o conftest    conftest.c  >&5
configure:2204: $? = 0
configure:2226: result: 
configure:2248: checking whether we are cross compiling
configure:2256: clang -o conftest    conftest.c  >&5
configure:2260: $? = 0
configure:2267: ./conftest
configure:2271: $? = 0
configure:2259: result: no
configure:2264: checking for suffix of object files
configure:2286: clang -c   conftest.c >&5
configure:2290: $? = 0
configure:2311: result: o
configure:2315: checking whether we are using the GNU C compiler
configure:2334: clang -c   conftest.c >&5
configure:2334: $? = 0
configure:2343: result: yes
configure:2352: checking whether clang accepts -g
configure:2372: clang -c -g  conftest.c >&5
configure:2372: $? = 0
configure:2413: result: yes
configure:2430: checking for clang option to accept ISO C89
configure:2493: clang  -c -g -O2  conftest.c >&5
configure:2493: $? = 0
configure:2506: result: none needed
configure:2673: creating ./config.status

## ---------------------- ##
## Running config.status. ##
## ---------------------- ##

This file was extended by config.status, which was
generated by GNU Autoconf 2.69.  Invocation command line was

  CONFIG_FILES    = 
  CONFIG_HEADERS  = 
  CONFIG_LINKS    = 
  CONFIG_COMMANDS = 
  $ ./config.status 

on kotiboksi

config.status:714: creating makefile.config

## ---------------- ##
## Cache variables. ##
## ---------------- ##

ac_cv_c_compiler_gnu=yes
ac_cv_env_CC_set=
ac_cv_env_CC_value=
ac_cv_env_CFLAGS_set=
ac_cv_env_CFLAGS_value=
ac_cv_env_CPPFLAGS_set=
ac_cv_env_CPPFLAGS_value=
ac_cv_env_LDFLAGS_set=
ac_cv_env_LDFLAGS_value=
ac_cv_env_LIBS_set=
ac_cv_env_LIBS_value=
ac_cv_env_build_alias_set=
ac_cv_env_build_alias_value=
ac_cv_env_host_alias_set=
ac_cv_env_host_alias_value=
ac_cv_env_target_alias_set=
ac_cv_env_target_alias_value=
ac_cv_objext=o
ac_cv_prog_CC=clang
ac_cv_prog_cc_c89=
ac_cv_prog_cc_g=yes

## ----------------- ##
## Output variables. ##
## ----------------- ##

CC='clang'
CFLAGS='-g -O2'
CPPFLAGS=''
DEFS='-DPACKAGE_NAME=\"\" -DPACKAGE_TARNAME=\"\" -DPACKAGE_VERSION=\"\" -DPACKAGE_STRING=\"\" -DPACKAGE_BUGREPORT=\"\" -DPACKAGE_URL=\"\"'
ECHO_C=''
ECHO_N='-n'
ECHO_T=''
EXEEXT=''
LDFLAGS=''
LIBOBJS=''
LIBS=''
LTLIBOBJS=''
OBJEXT='o'
PACKAGE_BUGREPORT=''
PACKAGE_NAME=''
PACKAGE_STRING=''
PACKAGE_TARNAME=''
PACKAGE_URL=''
PACKAGE_VERSION=''
PATH_SEPARATOR=':'
SHELL='/bin/sh'
ac_ct_CC=''
bindir='${exec_prefix}/bin'
build_alias=''
datadir='${datarootdir}'
datarootdir='${prefix}/share'
docdir='${datarootdir}/doc/${PACKAGE}'
dvidir='${docdir}'
exec_prefix='${prefix}'
host_alias=''
htmldir='${docdir}'
includedir='${prefix}/include'
infodir='${datarootdir}/info'
libdir='${exec_prefix}/lib'
libexecdir='${exec_prefix}/libexec'
localedir='${datarootdir}/locale'
localstatedir='${prefix}/var'
mandir='${datarootdir}/man'
oldincludedir='/usr/include'
pdfdir='${docdir}'
prefix='/usr/local'
program_transform_name='s,x,x,'
psdir='${docdir}'
sbindir='${exec_prefix}/sbin'
sharedstatedir='${prefix}/com'
sysconfdir='${prefix}/etc'
target_alias=''

## ----------- ##
## confdefs.h. ##
## ----------- ##

/* confdefs.h */
#define PACKAGE_NAME ""
#define PACKAGE_TARNAME ""
#define PACKAGE_VERSION ""
#define PACKAGE_STRING ""
#define PACKAGE_BUGREPORT ""
#define PACKAGE_URL ""

configure: exit 0
